<?xml version="1.0" encoding="UTF-8"?>
<!-- Generated by org.testng.reporters.JUnitReportReporter -->
<testsuite hostname="LAPTOP-HRPF4BH4" failures="0" tests="2" name="practi.pract" time="1.290" errors="0" timestamp="2024-01-22T10:33:13 IST" skipped="0">
  <testcase classname="practi.pract" name="m2" time="1.288"/>
  <system-out/>
  <testcase classname="practi.pract" name="m3" time="0.002"/>
  <system-out/>
</testsuite> <!-- practi.pract -->
