<?xml version="1.0" encoding="UTF-8"?>
<!-- Generated by org.testng.reporters.JUnitReportReporter -->
<testsuite hostname="LAPTOP-HRPF4BH4" failures="0" tests="1" name="testCases.TC_006_FB_AutoSignIn_Invalid_data" time="6.505" errors="0" timestamp="2024-01-24T18:06:42 IST" skipped="0">
  <testcase classname="testCases.TC_006_FB_AutoSignIn_Invalid_data" name="verify_FB_AutoSignIn_Invalid_data" time="6.505"/>
  <system-out/>
</testsuite> <!-- testCases.TC_006_FB_AutoSignIn_Invalid_data -->
