<?xml version="1.0" encoding="UTF-8"?>
<!-- Generated by org.testng.reporters.JUnitReportReporter -->
<testsuite hostname="LAPTOP-HRPF4BH4" failures="0" tests="1" name="testCases.TC_004_Email_Sign_In_Invaild" time="4.173" errors="0" timestamp="2024-01-24T18:06:42 IST" skipped="0">
  <testcase classname="testCases.TC_004_Email_Sign_In_Invaild" name="verify_Email_Login_Invalid" time="4.173"/>
  <system-out/>
</testsuite> <!-- testCases.TC_004_Email_Sign_In_Invaild -->
