<?xml version="1.0" encoding="UTF-8"?>
<!-- Generated by org.testng.reporters.JUnitReportReporter -->
<testsuite hostname="LAPTOP-HRPF4BH4" failures="0" tests="3" name="genericUtilities.javaUtility" time="0.025" errors="0" timestamp="2024-01-18T15:19:50 IST" skipped="0">
  <testcase classname="genericUtilities.javaUtility" name="randomAlphaNumeric" time="0.020"/>
  <system-out/>
  <testcase classname="genericUtilities.javaUtility" name="randomNumber" time="0.003"/>
  <system-out/>
  <testcase classname="genericUtilities.javaUtility" name="randomStrign" time="0.002"/>
  <system-out/>
</testsuite> <!-- genericUtilities.javaUtility -->
