<?xml version="1.0" encoding="UTF-8"?>
<!-- Generated by org.testng.reporters.JUnitReportReporter -->
<testsuite hostname="LAPTOP-HRPF4BH4" failures="0" tests="1" name="practi.enau" time="15.949" errors="0" timestamp="2024-01-23T22:04:45 IST" skipped="0">
  <testcase classname="practi.enau" name="email" time="15.949"/>
  <system-out/>
</testsuite> <!-- practi.enau -->
