<?xml version="1.0" encoding="UTF-8"?>
<!-- Generated by org.testng.reporters.JUnitReportReporter -->
<testsuite hostname="LAPTOP-HRPF4BH4" failures="0" tests="3" name="testCases.TC_003_Email_Sign_In_Valid" time="13.635" errors="0" timestamp="2024-01-24T18:07:48 IST" skipped="0">
  <testcase classname="testCases.TC_003_Email_Sign_In_Valid" name="verify_Email_Login_Valid" time="5.082"/>
  <system-out/>
  <testcase classname="testCases.TC_003_Email_Sign_In_Valid" name="verify_Email_Login_Valid" time="4.298"/>
  <system-out/>
  <testcase classname="testCases.TC_003_Email_Sign_In_Valid" name="verify_Email_Login_Valid" time="4.255"/>
  <system-out/>
</testsuite> <!-- testCases.TC_003_Email_Sign_In_Valid -->
