<?xml version="1.0" encoding="UTF-8"?>
<!-- Generated by org.testng.reporters.JUnitReportReporter -->
<testsuite hostname="LAPTOP-HRPF4BH4" failures="0" tests="1" name="testCases.ppp" time="1.003" errors="0" timestamp="2024-01-23T22:22:36 IST" skipped="0">
  <testcase classname="testCases.ppp" name="veri" time="1.003"/>
  <system-out/>
</testsuite> <!-- testCases.ppp -->
